{"/Users/liuyuan/Documents/workplace/ryan_github/leetcode/code/1/index.ts": {"path":"/Users/liuyuan/Documents/workplace/ryan_github/leetcode/code/1/index.ts","statementMap":{"0":{"start":{"line":6,"column":4},"end":{"line":12,"column":null}},"1":{"start":{"line":6,"column":17},"end":{"line":6,"column":18}},"2":{"start":{"line":7,"column":8},"end":{"line":11,"column":null}},"3":{"start":{"line":7,"column":21},"end":{"line":7,"column":26}},"4":{"start":{"line":8,"column":12},"end":{"line":10,"column":null}},"5":{"start":{"line":9,"column":16},"end":{"line":9,"column":30}},"6":{"start":{"line":5,"column":0},"end":{"line":5,"column":16}}},"fnMap":{"0":{"name":"twoSum","decl":{"start":{"line":5,"column":16},"end":{"line":5,"column":22}},"loc":{"start":{"line":5,"column":53},"end":{"line":13,"column":1}}}},"branchMap":{"0":{"loc":{"start":{"line":8,"column":12},"end":{"line":10,"column":null}},"type":"if","locations":[{"start":{"line":8,"column":12},"end":{"line":10,"column":null}}]}},"s":{"0":1,"1":1,"2":2,"3":2,"4":3,"5":1,"6":1},"f":{"0":1},"b":{"0":[1]}}
,"/Users/liuyuan/Documents/workplace/ryan_github/leetcode/code/1/index2.ts": {"path":"/Users/liuyuan/Documents/workplace/ryan_github/leetcode/code/1/index2.ts","statementMap":{"0":{"start":{"line":8,"column":41},"end":{"line":8,"column":43}},"1":{"start":{"line":10,"column":4},"end":{"line":17,"column":null}},"2":{"start":{"line":10,"column":17},"end":{"line":10,"column":18}},"3":{"start":{"line":11,"column":20},"end":{"line":11,"column":41}},"4":{"start":{"line":12,"column":8},"end":{"line":16,"column":null}},"5":{"start":{"line":13,"column":12},"end":{"line":13,"column":null}},"6":{"start":{"line":15,"column":12},"end":{"line":15,"column":null}},"7":{"start":{"line":7,"column":0},"end":{"line":7,"column":16}}},"fnMap":{"0":{"name":"twoSum","decl":{"start":{"line":7,"column":16},"end":{"line":7,"column":22}},"loc":{"start":{"line":7,"column":53},"end":{"line":18,"column":1}}}},"branchMap":{"0":{"loc":{"start":{"line":12,"column":8},"end":{"line":16,"column":null}},"type":"if","locations":[{"start":{"line":12,"column":8},"end":{"line":16,"column":null}},{"start":{"line":14,"column":15},"end":{"line":16,"column":null}}]},"1":{"loc":{"start":{"line":12,"column":12},"end":{"line":12,"column":28}},"type":"binary-expr","locations":[{"start":{"line":12,"column":12},"end":{"line":12,"column":15}},{"start":{"line":12,"column":19},"end":{"line":12,"column":28}}]}},"s":{"0":2,"1":2,"2":2,"3":6,"4":6,"5":2,"6":4,"7":1},"f":{"0":2},"b":{"0":[2,4],"1":[6,4]}}
,"/Users/liuyuan/Documents/workplace/ryan_github/leetcode/code/118/index.ts": {"path":"/Users/liuyuan/Documents/workplace/ryan_github/leetcode/code/118/index.ts","statementMap":{"0":{"start":{"line":6,"column":31},"end":{"line":6,"column":33}},"1":{"start":{"line":8,"column":4},"end":{"line":16,"column":null}},"2":{"start":{"line":8,"column":17},"end":{"line":8,"column":18}},"3":{"start":{"line":9,"column":20},"end":{"line":9,"column":44}},"4":{"start":{"line":11,"column":8},"end":{"line":13,"column":null}},"5":{"start":{"line":11,"column":21},"end":{"line":11,"column":22}},"6":{"start":{"line":12,"column":12},"end":{"line":12,"column":null}},"7":{"start":{"line":15,"column":8},"end":{"line":15,"column":null}},"8":{"start":{"line":18,"column":4},"end":{"line":18,"column":null}},"9":{"start":{"line":5,"column":0},"end":{"line":5,"column":16}}},"fnMap":{"0":{"name":"generate","decl":{"start":{"line":5,"column":16},"end":{"line":5,"column":24}},"loc":{"start":{"line":5,"column":40},"end":{"line":19,"column":1}}}},"branchMap":{},"s":{"0":2,"1":2,"2":2,"3":6,"4":6,"5":6,"6":6,"7":6,"8":2,"9":1},"f":{"0":2},"b":{}}
,"/Users/liuyuan/Documents/workplace/ryan_github/leetcode/code/20/index.ts": {"path":"/Users/liuyuan/Documents/workplace/ryan_github/leetcode/code/20/index.ts","statementMap":{"0":{"start":{"line":6,"column":4},"end":{"line":8,"column":null}},"1":{"start":{"line":7,"column":8},"end":{"line":7,"column":null}},"2":{"start":{"line":10,"column":28},"end":{"line":10,"column":30}},"3":{"start":{"line":12,"column":4},"end":{"line":30,"column":null}},"4":{"start":{"line":12,"column":17},"end":{"line":12,"column":18}},"5":{"start":{"line":13,"column":22},"end":{"line":13,"column":26}},"6":{"start":{"line":15,"column":8},"end":{"line":29,"column":null}},"7":{"start":{"line":16,"column":12},"end":{"line":16,"column":null}},"8":{"start":{"line":18,"column":24},"end":{"line":18,"column":47}},"9":{"start":{"line":20,"column":12},"end":{"line":28,"column":null}},"10":{"start":{"line":25,"column":16},"end":{"line":25,"column":null}},"11":{"start":{"line":27,"column":16},"end":{"line":27,"column":null}},"12":{"start":{"line":32,"column":4},"end":{"line":32,"column":null}},"13":{"start":{"line":5,"column":0},"end":{"line":5,"column":16}}},"fnMap":{"0":{"name":"isValid","decl":{"start":{"line":5,"column":16},"end":{"line":5,"column":23}},"loc":{"start":{"line":5,"column":33},"end":{"line":33,"column":1}}}},"branchMap":{"0":{"loc":{"start":{"line":6,"column":4},"end":{"line":8,"column":null}},"type":"if","locations":[{"start":{"line":6,"column":4},"end":{"line":8,"column":null}}]},"1":{"loc":{"start":{"line":15,"column":8},"end":{"line":29,"column":null}},"type":"if","locations":[{"start":{"line":15,"column":8},"end":{"line":29,"column":null}},{"start":{"line":17,"column":15},"end":{"line":29,"column":null}}]},"2":{"loc":{"start":{"line":20,"column":12},"end":{"line":28,"column":null}},"type":"if","locations":[{"start":{"line":20,"column":12},"end":{"line":28,"column":null}},{"start":{"line":26,"column":19},"end":{"line":28,"column":null}}]},"3":{"loc":{"start":{"line":21,"column":16},"end":{"line":23,"column":46}},"type":"binary-expr","locations":[{"start":{"line":21,"column":17},"end":{"line":21,"column":28}},{"start":{"line":21,"column":32},"end":{"line":21,"column":45}},{"start":{"line":22,"column":17},"end":{"line":22,"column":28}},{"start":{"line":22,"column":32},"end":{"line":22,"column":45}},{"start":{"line":23,"column":17},"end":{"line":23,"column":28}},{"start":{"line":23,"column":32},"end":{"line":23,"column":45}}]}},"s":{"0":5,"1":0,"2":5,"3":5,"4":5,"5":17,"6":17,"7":9,"8":8,"9":8,"10":6,"11":2,"12":3,"13":1},"f":{"0":5},"b":{"0":[0],"1":[9,8],"2":[6,2],"3":[8,3,6,2,4,3]}}
,"/Users/liuyuan/Documents/workplace/ryan_github/leetcode/code/20/index2.ts": {"path":"/Users/liuyuan/Documents/workplace/ryan_github/leetcode/code/20/index2.ts","statementMap":{"0":{"start":{"line":2,"column":4},"end":{"line":4,"column":null}},"1":{"start":{"line":3,"column":8},"end":{"line":3,"column":null}},"2":{"start":{"line":6,"column":28},"end":{"line":6,"column":30}},"3":{"start":{"line":9,"column":16},"end":{"line":9,"column":25}},"4":{"start":{"line":11,"column":4},"end":{"line":11,"column":null}},"5":{"start":{"line":12,"column":4},"end":{"line":12,"column":null}},"6":{"start":{"line":13,"column":4},"end":{"line":13,"column":null}},"7":{"start":{"line":15,"column":4},"end":{"line":29,"column":null}},"8":{"start":{"line":15,"column":17},"end":{"line":15,"column":18}},"9":{"start":{"line":16,"column":22},"end":{"line":16,"column":26}},"10":{"start":{"line":18,"column":8},"end":{"line":28,"column":null}},"11":{"start":{"line":19,"column":12},"end":{"line":19,"column":null}},"12":{"start":{"line":21,"column":24},"end":{"line":21,"column":47}},"13":{"start":{"line":23,"column":12},"end":{"line":27,"column":null}},"14":{"start":{"line":24,"column":16},"end":{"line":24,"column":null}},"15":{"start":{"line":26,"column":16},"end":{"line":26,"column":null}},"16":{"start":{"line":31,"column":4},"end":{"line":31,"column":null}},"17":{"start":{"line":1,"column":0},"end":{"line":1,"column":16}}},"fnMap":{"0":{"name":"isValid","decl":{"start":{"line":1,"column":16},"end":{"line":1,"column":23}},"loc":{"start":{"line":1,"column":33},"end":{"line":32,"column":1}}}},"branchMap":{"0":{"loc":{"start":{"line":2,"column":4},"end":{"line":4,"column":null}},"type":"if","locations":[{"start":{"line":2,"column":4},"end":{"line":4,"column":null}}]},"1":{"loc":{"start":{"line":18,"column":8},"end":{"line":28,"column":null}},"type":"if","locations":[{"start":{"line":18,"column":8},"end":{"line":28,"column":null}},{"start":{"line":20,"column":15},"end":{"line":28,"column":null}}]},"2":{"loc":{"start":{"line":23,"column":12},"end":{"line":27,"column":null}},"type":"if","locations":[{"start":{"line":23,"column":12},"end":{"line":27,"column":null}},{"start":{"line":25,"column":19},"end":{"line":27,"column":null}}]}},"s":{"0":5,"1":0,"2":5,"3":5,"4":5,"5":5,"6":5,"7":5,"8":5,"9":17,"10":17,"11":9,"12":8,"13":8,"14":6,"15":2,"16":3,"17":1},"f":{"0":5},"b":{"0":[0],"1":[9,8],"2":[6,2]}}
,"/Users/liuyuan/Documents/workplace/ryan_github/leetcode/code/217/index.ts": {"path":"/Users/liuyuan/Documents/workplace/ryan_github/leetcode/code/217/index.ts","statementMap":{"0":{"start":{"line":2,"column":4},"end":{"line":2,"column":null}},"1":{"start":{"line":2,"column":24},"end":{"line":2,"column":29}},"2":{"start":{"line":4,"column":4},"end":{"line":8,"column":null}},"3":{"start":{"line":4,"column":17},"end":{"line":4,"column":18}},"4":{"start":{"line":5,"column":8},"end":{"line":7,"column":null}},"5":{"start":{"line":6,"column":12},"end":{"line":6,"column":null}},"6":{"start":{"line":10,"column":4},"end":{"line":10,"column":null}},"7":{"start":{"line":1,"column":0},"end":{"line":1,"column":16}}},"fnMap":{"0":{"name":"containsDuplicate","decl":{"start":{"line":1,"column":16},"end":{"line":1,"column":33}},"loc":{"start":{"line":1,"column":48},"end":{"line":11,"column":1}}},"1":{"name":"(anonymous_1)","decl":{"start":{"line":2,"column":14},"end":{"line":2,"column":15}},"loc":{"start":{"line":2,"column":24},"end":{"line":2,"column":29}}}},"branchMap":{"0":{"loc":{"start":{"line":5,"column":8},"end":{"line":7,"column":null}},"type":"if","locations":[{"start":{"line":5,"column":8},"end":{"line":7,"column":null}}]}},"s":{"0":3,"1":26,"2":3,"3":3,"4":5,"5":2,"6":1,"7":1},"f":{"0":3,"1":26},"b":{"0":[2]}}
,"/Users/liuyuan/Documents/workplace/ryan_github/leetcode/code/217/index1.ts": {"path":"/Users/liuyuan/Documents/workplace/ryan_github/leetcode/code/217/index1.ts","statementMap":{"0":{"start":{"line":7,"column":46},"end":{"line":7,"column":48}},"1":{"start":{"line":9,"column":4},"end":{"line":15,"column":null}},"2":{"start":{"line":10,"column":8},"end":{"line":14,"column":null}},"3":{"start":{"line":11,"column":12},"end":{"line":11,"column":null}},"4":{"start":{"line":13,"column":12},"end":{"line":13,"column":null}},"5":{"start":{"line":16,"column":4},"end":{"line":16,"column":null}},"6":{"start":{"line":6,"column":0},"end":{"line":6,"column":16}}},"fnMap":{"0":{"name":"containsDuplicate","decl":{"start":{"line":6,"column":16},"end":{"line":6,"column":33}},"loc":{"start":{"line":6,"column":48},"end":{"line":17,"column":1}}}},"branchMap":{"0":{"loc":{"start":{"line":10,"column":8},"end":{"line":14,"column":null}},"type":"if","locations":[{"start":{"line":10,"column":8},"end":{"line":14,"column":null}},{"start":{"line":12,"column":15},"end":{"line":14,"column":null}}]}},"s":{"0":3,"1":3,"2":8,"3":6,"4":2,"5":1,"6":1},"f":{"0":3},"b":{"0":[6,2]}}
,"/Users/liuyuan/Documents/workplace/ryan_github/leetcode/code/3/index.ts": {"path":"/Users/liuyuan/Documents/workplace/ryan_github/leetcode/code/3/index.ts","statementMap":{"0":{"start":{"line":8,"column":15},"end":{"line":8,"column":16}},"1":{"start":{"line":11,"column":17},"end":{"line":11,"column":18}},"2":{"start":{"line":14,"column":16},"end":{"line":14,"column":25}},"3":{"start":{"line":17,"column":4},"end":{"line":28,"column":null}},"4":{"start":{"line":17,"column":21},"end":{"line":17,"column":22}},"5":{"start":{"line":19,"column":8},"end":{"line":21,"column":null}},"6":{"start":{"line":20,"column":12},"end":{"line":20,"column":null}},"7":{"start":{"line":24,"column":8},"end":{"line":24,"column":null}},"8":{"start":{"line":27,"column":8},"end":{"line":27,"column":null}},"9":{"start":{"line":30,"column":4},"end":{"line":30,"column":null}},"10":{"start":{"line":6,"column":0},"end":{"line":6,"column":24}}},"fnMap":{"0":{"name":"lengthOfLongestSubstring","decl":{"start":{"line":6,"column":24},"end":{"line":6,"column":48}},"loc":{"start":{"line":6,"column":58},"end":{"line":31,"column":1}}}},"branchMap":{"0":{"loc":{"start":{"line":19,"column":8},"end":{"line":21,"column":null}},"type":"if","locations":[{"start":{"line":19,"column":8},"end":{"line":21,"column":null}}]},"1":{"loc":{"start":{"line":19,"column":12},"end":{"line":19,"column":58}},"type":"binary-expr","locations":[{"start":{"line":19,"column":12},"end":{"line":19,"column":29}},{"start":{"line":19,"column":33},"end":{"line":19,"column":58}}]}},"s":{"0":5,"1":5,"2":5,"3":5,"4":5,"5":30,"6":13,"7":30,"8":30,"9":5,"10":1},"f":{"0":5},"b":{"0":[13],"1":[30,15]}}
,"/Users/liuyuan/Documents/workplace/ryan_github/leetcode/code/350/index.ts": {"path":"/Users/liuyuan/Documents/workplace/ryan_github/leetcode/code/350/index.ts","statementMap":{"0":{"start":{"line":10,"column":46},"end":{"line":10,"column":48}},"1":{"start":{"line":12,"column":24},"end":{"line":12,"column":26}},"2":{"start":{"line":15,"column":4},"end":{"line":17,"column":null}},"3":{"start":{"line":16,"column":8},"end":{"line":16,"column":null}},"4":{"start":{"line":19,"column":4},"end":{"line":25,"column":null}},"5":{"start":{"line":20,"column":8},"end":{"line":24,"column":null}},"6":{"start":{"line":21,"column":12},"end":{"line":21,"column":null}},"7":{"start":{"line":23,"column":12},"end":{"line":23,"column":null}},"8":{"start":{"line":27,"column":4},"end":{"line":34,"column":null}},"9":{"start":{"line":28,"column":20},"end":{"line":28,"column":29}},"10":{"start":{"line":30,"column":8},"end":{"line":33,"column":null}},"11":{"start":{"line":31,"column":12},"end":{"line":31,"column":null}},"12":{"start":{"line":32,"column":12},"end":{"line":32,"column":null}},"13":{"start":{"line":36,"column":4},"end":{"line":36,"column":null}},"14":{"start":{"line":9,"column":0},"end":{"line":9,"column":16}},"15":{"start":{"line":39,"column":0},"end":{"line":39,"column":null}}},"fnMap":{"0":{"name":"intersect","decl":{"start":{"line":9,"column":16},"end":{"line":9,"column":25}},"loc":{"start":{"line":9,"column":58},"end":{"line":37,"column":1}}}},"branchMap":{"0":{"loc":{"start":{"line":15,"column":4},"end":{"line":17,"column":null}},"type":"if","locations":[{"start":{"line":15,"column":4},"end":{"line":17,"column":null}}]},"1":{"loc":{"start":{"line":20,"column":8},"end":{"line":24,"column":null}},"type":"if","locations":[{"start":{"line":20,"column":8},"end":{"line":24,"column":null}},{"start":{"line":22,"column":15},"end":{"line":24,"column":null}}]},"2":{"loc":{"start":{"line":30,"column":8},"end":{"line":33,"column":null}},"type":"if","locations":[{"start":{"line":30,"column":8},"end":{"line":33,"column":null}}]}},"s":{"0":3,"1":3,"2":3,"3":1,"4":3,"5":13,"6":6,"7":7,"8":3,"9":7,"10":7,"11":6,"12":6,"13":3,"14":1,"15":1},"f":{"0":3},"b":{"0":[1],"1":[6,7],"2":[6]}}
,"/Users/liuyuan/Documents/workplace/ryan_github/leetcode/code/394/index.ts": {"path":"/Users/liuyuan/Documents/workplace/ryan_github/leetcode/code/394/index.ts","statementMap":{"0":{"start":{"line":9,"column":29},"end":{"line":9,"column":31}},"1":{"start":{"line":10,"column":27},"end":{"line":10,"column":29}},"2":{"start":{"line":12,"column":17},"end":{"line":12,"column":19}},"3":{"start":{"line":15,"column":16},"end":{"line":15,"column":17}},"4":{"start":{"line":17,"column":4},"end":{"line":35,"column":null}},"5":{"start":{"line":17,"column":17},"end":{"line":17,"column":18}},"6":{"start":{"line":19,"column":19},"end":{"line":19,"column":23}},"7":{"start":{"line":21,"column":8},"end":{"line":34,"column":null}},"8":{"start":{"line":22,"column":12},"end":{"line":22,"column":null}},"9":{"start":{"line":23,"column":15},"end":{"line":34,"column":null}},"10":{"start":{"line":24,"column":12},"end":{"line":24,"column":null}},"11":{"start":{"line":25,"column":12},"end":{"line":25,"column":null}},"12":{"start":{"line":27,"column":12},"end":{"line":27,"column":null}},"13":{"start":{"line":28,"column":12},"end":{"line":28,"column":null}},"14":{"start":{"line":29,"column":15},"end":{"line":34,"column":null}},"15":{"start":{"line":30,"column":32},"end":{"line":30,"column":49}},"16":{"start":{"line":31,"column":12},"end":{"line":31,"column":null}},"17":{"start":{"line":33,"column":12},"end":{"line":33,"column":null}},"18":{"start":{"line":37,"column":4},"end":{"line":37,"column":null}},"19":{"start":{"line":7,"column":0},"end":{"line":7,"column":16}}},"fnMap":{"0":{"name":"decodeString","decl":{"start":{"line":7,"column":16},"end":{"line":7,"column":28}},"loc":{"start":{"line":7,"column":38},"end":{"line":38,"column":1}}}},"branchMap":{"0":{"loc":{"start":{"line":21,"column":8},"end":{"line":34,"column":null}},"type":"if","locations":[{"start":{"line":21,"column":8},"end":{"line":34,"column":null}},{"start":{"line":23,"column":15},"end":{"line":34,"column":null}}]},"1":{"loc":{"start":{"line":23,"column":15},"end":{"line":34,"column":null}},"type":"if","locations":[{"start":{"line":23,"column":15},"end":{"line":34,"column":null}},{"start":{"line":29,"column":15},"end":{"line":34,"column":null}}]},"2":{"loc":{"start":{"line":29,"column":15},"end":{"line":34,"column":null}},"type":"if","locations":[{"start":{"line":29,"column":15},"end":{"line":34,"column":null}},{"start":{"line":32,"column":15},"end":{"line":34,"column":null}}]}},"s":{"0":4,"1":4,"2":4,"3":4,"4":4,"5":4,"6":41,"7":41,"8":7,"9":34,"10":7,"11":7,"12":7,"13":7,"14":27,"15":7,"16":7,"17":20,"18":4,"19":1},"f":{"0":4},"b":{"0":[7,34],"1":[7,27],"2":[7,20]}}
,"/Users/liuyuan/Documents/workplace/ryan_github/leetcode/code/554/index.ts": {"path":"/Users/liuyuan/Documents/workplace/ryan_github/leetcode/code/554/index.ts","statementMap":{"0":{"start":{"line":8,"column":16},"end":{"line":8,"column":28}},"1":{"start":{"line":10,"column":17},"end":{"line":10,"column":19}},"2":{"start":{"line":12,"column":4},"end":{"line":16,"column":null}},"3":{"start":{"line":14,"column":12},"end":{"line":14,"column":null}},"4":{"start":{"line":18,"column":4},"end":{"line":18,"column":null}},"5":{"start":{"line":7,"column":0},"end":{"line":7,"column":16}},"6":{"start":{"line":23,"column":16},"end":{"line":23,"column":30}},"7":{"start":{"line":25,"column":17},"end":{"line":25,"column":19}},"8":{"start":{"line":27,"column":4},"end":{"line":31,"column":null}},"9":{"start":{"line":29,"column":12},"end":{"line":29,"column":null}},"10":{"start":{"line":33,"column":4},"end":{"line":33,"column":null}},"11":{"start":{"line":22,"column":0},"end":{"line":22,"column":16}},"12":{"start":{"line":38,"column":4},"end":{"line":43,"column":null}},"13":{"start":{"line":41,"column":12},"end":{"line":41,"column":null}},"14":{"start":{"line":37,"column":0},"end":{"line":37,"column":16}}},"fnMap":{"0":{"name":"reverseWords","decl":{"start":{"line":7,"column":16},"end":{"line":7,"column":28}},"loc":{"start":{"line":7,"column":38},"end":{"line":19,"column":1}}},"1":{"name":"(anonymous_1)","decl":{"start":{"line":13,"column":13},"end":{"line":13,"column":14}},"loc":{"start":{"line":13,"column":19},"end":{"line":15,"column":9}}},"2":{"name":"reverseWordsSplitRegEx","decl":{"start":{"line":22,"column":16},"end":{"line":22,"column":38}},"loc":{"start":{"line":22,"column":48},"end":{"line":34,"column":1}}},"3":{"name":"(anonymous_3)","decl":{"start":{"line":28,"column":13},"end":{"line":28,"column":14}},"loc":{"start":{"line":28,"column":19},"end":{"line":30,"column":9}}},"4":{"name":"reverseWordsRegEx","decl":{"start":{"line":37,"column":16},"end":{"line":37,"column":33}},"loc":{"start":{"line":37,"column":43},"end":{"line":44,"column":1}}},"5":{"name":"(anonymous_5)","decl":{"start":{"line":40,"column":13},"end":{"line":40,"column":14}},"loc":{"start":{"line":40,"column":22},"end":{"line":42,"column":9}}}},"branchMap":{},"s":{"0":2,"1":2,"2":2,"3":6,"4":2,"5":1,"6":0,"7":0,"8":0,"9":0,"10":0,"11":1,"12":2,"13":6,"14":1},"f":{"0":2,"1":6,"2":0,"3":0,"4":2,"5":6},"b":{}}
,"/Users/liuyuan/Documents/workplace/ryan_github/leetcode/code/66/index.ts": {"path":"/Users/liuyuan/Documents/workplace/ryan_github/leetcode/code/66/index.ts","statementMap":{"0":{"start":{"line":8,"column":4},"end":{"line":18,"column":null}},"1":{"start":{"line":8,"column":17},"end":{"line":8,"column":34}},"2":{"start":{"line":11,"column":8},"end":{"line":17,"column":null}},"3":{"start":{"line":12,"column":12},"end":{"line":12,"column":null}},"4":{"start":{"line":13,"column":12},"end":{"line":13,"column":null}},"5":{"start":{"line":16,"column":12},"end":{"line":16,"column":null}},"6":{"start":{"line":21,"column":4},"end":{"line":21,"column":null}},"7":{"start":{"line":23,"column":4},"end":{"line":23,"column":null}},"8":{"start":{"line":6,"column":0},"end":{"line":6,"column":16}}},"fnMap":{"0":{"name":"plusOne","decl":{"start":{"line":6,"column":16},"end":{"line":6,"column":23}},"loc":{"start":{"line":6,"column":40},"end":{"line":24,"column":1}}}},"branchMap":{"0":{"loc":{"start":{"line":11,"column":8},"end":{"line":17,"column":null}},"type":"if","locations":[{"start":{"line":11,"column":8},"end":{"line":17,"column":null}},{"start":{"line":14,"column":15},"end":{"line":17,"column":null}}]}},"s":{"0":5,"1":5,"2":6,"3":3,"4":3,"5":3,"6":2,"7":2,"8":1},"f":{"0":5},"b":{"0":[3,3]}}
,"/Users/liuyuan/Documents/workplace/ryan_github/leetcode/code/768/index2.ts": {"path":"/Users/liuyuan/Documents/workplace/ryan_github/leetcode/code/768/index2.ts","statementMap":{"0":{"start":{"line":6,"column":19},"end":{"line":6,"column":27}},"1":{"start":{"line":8,"column":4},"end":{"line":8,"column":null}},"2":{"start":{"line":8,"column":26},"end":{"line":8,"column":31}},"3":{"start":{"line":10,"column":16},"end":{"line":10,"column":17}},"4":{"start":{"line":13,"column":15},"end":{"line":13,"column":16}},"5":{"start":{"line":16,"column":15},"end":{"line":16,"column":16}},"6":{"start":{"line":18,"column":4},"end":{"line":27,"column":null}},"7":{"start":{"line":18,"column":17},"end":{"line":18,"column":18}},"8":{"start":{"line":19,"column":8},"end":{"line":19,"column":null}},"9":{"start":{"line":21,"column":8},"end":{"line":21,"column":null}},"10":{"start":{"line":23,"column":8},"end":{"line":26,"column":null}},"11":{"start":{"line":24,"column":12},"end":{"line":24,"column":null}},"12":{"start":{"line":29,"column":4},"end":{"line":29,"column":null}},"13":{"start":{"line":5,"column":0},"end":{"line":5,"column":16}}},"fnMap":{"0":{"name":"maxChunksToSorted","decl":{"start":{"line":5,"column":16},"end":{"line":5,"column":33}},"loc":{"start":{"line":5,"column":47},"end":{"line":30,"column":1}}},"1":{"name":"(anonymous_1)","decl":{"start":{"line":8,"column":16},"end":{"line":8,"column":17}},"loc":{"start":{"line":8,"column":26},"end":{"line":8,"column":31}}}},"branchMap":{"0":{"loc":{"start":{"line":23,"column":8},"end":{"line":26,"column":null}},"type":"if","locations":[{"start":{"line":23,"column":8},"end":{"line":26,"column":null}}]}},"s":{"0":2,"1":2,"2":11,"3":2,"4":2,"5":2,"6":2,"7":2,"8":10,"9":10,"10":10,"11":5,"12":2,"13":1},"f":{"0":2,"1":11},"b":{"0":[5]}}
,"/Users/liuyuan/Documents/workplace/ryan_github/leetcode/code/821/index.ts": {"path":"/Users/liuyuan/Documents/workplace/ryan_github/leetcode/code/821/index.ts","statementMap":{"0":{"start":{"line":13,"column":14},"end":{"line":13,"column":22}},"1":{"start":{"line":16,"column":29},"end":{"line":16,"column":49}},"2":{"start":{"line":19,"column":4},"end":{"line":27,"column":null}},"3":{"start":{"line":19,"column":17},"end":{"line":19,"column":18}},"4":{"start":{"line":19,"column":24},"end":{"line":19,"column":26}},"5":{"start":{"line":20,"column":8},"end":{"line":22,"column":null}},"6":{"start":{"line":21,"column":12},"end":{"line":21,"column":null}},"7":{"start":{"line":25,"column":8},"end":{"line":25,"column":null}},"8":{"start":{"line":30,"column":4},"end":{"line":37,"column":null}},"9":{"start":{"line":30,"column":17},"end":{"line":30,"column":22}},"10":{"start":{"line":30,"column":28},"end":{"line":30,"column":33}},"11":{"start":{"line":31,"column":8},"end":{"line":33,"column":null}},"12":{"start":{"line":32,"column":12},"end":{"line":32,"column":null}},"13":{"start":{"line":35,"column":8},"end":{"line":35,"column":null}},"14":{"start":{"line":39,"column":4},"end":{"line":39,"column":null}},"15":{"start":{"line":12,"column":0},"end":{"line":12,"column":16}}},"fnMap":{"0":{"name":"shortestToChar","decl":{"start":{"line":12,"column":16},"end":{"line":12,"column":30}},"loc":{"start":{"line":12,"column":51},"end":{"line":40,"column":1}}}},"branchMap":{"0":{"loc":{"start":{"line":20,"column":8},"end":{"line":22,"column":null}},"type":"if","locations":[{"start":{"line":20,"column":8},"end":{"line":22,"column":null}}]},"1":{"loc":{"start":{"line":31,"column":8},"end":{"line":33,"column":null}},"type":"if","locations":[{"start":{"line":31,"column":8},"end":{"line":33,"column":null}}]}},"s":{"0":3,"1":3,"2":3,"3":3,"4":3,"5":20,"6":6,"7":20,"8":3,"9":3,"10":3,"11":20,"12":6,"13":20,"14":3,"15":1},"f":{"0":3},"b":{"0":[6],"1":[6]}}
,"/Users/liuyuan/Documents/workplace/ryan_github/leetcode/code/88/index.ts": {"path":"/Users/liuyuan/Documents/workplace/ryan_github/leetcode/code/88/index.ts","statementMap":{"0":{"start":{"line":10,"column":4},"end":{"line":10,"column":null}},"1":{"start":{"line":12,"column":4},"end":{"line":12,"column":null}},"2":{"start":{"line":12,"column":25},"end":{"line":12,"column":30}},"3":{"start":{"line":9,"column":0},"end":{"line":9,"column":16}}},"fnMap":{"0":{"name":"merge","decl":{"start":{"line":9,"column":16},"end":{"line":9,"column":21}},"loc":{"start":{"line":9,"column":76},"end":{"line":13,"column":1}}},"1":{"name":"(anonymous_1)","decl":{"start":{"line":12,"column":15},"end":{"line":12,"column":16}},"loc":{"start":{"line":12,"column":25},"end":{"line":12,"column":30}}}},"branchMap":{},"s":{"0":1,"1":1,"2":9,"3":1},"f":{"0":1,"1":9},"b":{}}
}
