{"/Users/ly/Documents/workplace/leetcode/code/twosum/index.ts": {"path":"/Users/ly/Documents/workplace/leetcode/code/twosum/index.ts","statementMap":{"0":{"start":{"line":2,"column":4},"end":{"line":8,"column":null}},"1":{"start":{"line":2,"column":17},"end":{"line":2,"column":18}},"2":{"start":{"line":3,"column":8},"end":{"line":7,"column":null}},"3":{"start":{"line":3,"column":21},"end":{"line":3,"column":26}},"4":{"start":{"line":4,"column":12},"end":{"line":6,"column":null}},"5":{"start":{"line":5,"column":16},"end":{"line":5,"column":30}},"6":{"start":{"line":11,"column":0},"end":{"line":11,"column":22}}},"fnMap":{"0":{"name":"twoSum","decl":{"start":{"line":1,"column":9},"end":{"line":1,"column":15}},"loc":{"start":{"line":1,"column":46},"end":{"line":9,"column":1}}}},"branchMap":{"0":{"loc":{"start":{"line":4,"column":12},"end":{"line":6,"column":null}},"type":"if","locations":[{"start":{"line":4,"column":12},"end":{"line":6,"column":null}}]}},"s":{"0":1,"1":1,"2":2,"3":2,"4":3,"5":1,"6":1},"f":{"0":1},"b":{"0":[1]}}
}
