TN:
SF:code/1/index.ts
FN:5,twoSum
FNF:1
FNH:1
FNDA:1,twoSum
DA:5,1
DA:6,1
DA:7,2
DA:8,3
DA:9,1
LF:5
LH:5
BRDA:8,0,0,1
BRF:1
BRH:1
end_of_record
TN:
SF:code/1/index2.ts
FN:7,twoSum
FNF:1
FNH:1
FNDA:2,twoSum
DA:7,1
DA:8,2
DA:10,2
DA:11,6
DA:12,6
DA:13,2
DA:15,4
LF:7
LH:7
BRDA:12,0,0,2
BRDA:12,0,1,4
BRDA:12,1,0,6
BRDA:12,1,1,4
BRF:4
BRH:4
end_of_record
TN:
SF:code/118/index.ts
FN:5,generate
FNF:1
FNH:1
FNDA:2,generate
DA:5,1
DA:6,2
DA:8,2
DA:9,6
DA:11,6
DA:12,6
DA:15,6
DA:18,2
LF:8
LH:8
BRF:0
BRH:0
end_of_record
TN:
SF:code/20/index.ts
FN:5,isValid
FNF:1
FNH:1
FNDA:5,isValid
DA:5,1
DA:6,5
DA:7,0
DA:10,5
DA:12,5
DA:13,17
DA:15,17
DA:16,9
DA:18,8
DA:20,8
DA:25,6
DA:27,2
DA:32,3
LF:13
LH:12
BRDA:6,0,0,0
BRDA:15,1,0,9
BRDA:15,1,1,8
BRDA:20,2,0,6
BRDA:20,2,1,2
BRDA:21,3,0,8
BRDA:21,3,1,3
BRDA:21,3,2,6
BRDA:21,3,3,2
BRDA:21,3,4,4
BRDA:21,3,5,3
BRF:11
BRH:10
end_of_record
TN:
SF:code/20/index2.ts
FN:1,isValid
FNF:1
FNH:1
FNDA:5,isValid
DA:1,1
DA:2,5
DA:3,0
DA:6,5
DA:9,5
DA:11,5
DA:12,5
DA:13,5
DA:15,5
DA:16,17
DA:18,17
DA:19,9
DA:21,8
DA:23,8
DA:24,6
DA:26,2
DA:31,3
LF:17
LH:16
BRDA:2,0,0,0
BRDA:18,1,0,9
BRDA:18,1,1,8
BRDA:23,2,0,6
BRDA:23,2,1,2
BRF:5
BRH:4
end_of_record
TN:
SF:code/217/index.ts
FN:1,containsDuplicate
FN:2,(anonymous_1)
FNF:2
FNH:2
FNDA:3,containsDuplicate
FNDA:26,(anonymous_1)
DA:1,1
DA:2,26
DA:4,3
DA:5,5
DA:6,2
DA:10,1
LF:6
LH:6
BRDA:5,0,0,2
BRF:1
BRH:1
end_of_record
TN:
SF:code/217/index1.ts
FN:6,containsDuplicate
FNF:1
FNH:1
FNDA:3,containsDuplicate
DA:6,1
DA:7,3
DA:9,3
DA:10,8
DA:11,6
DA:13,2
DA:16,1
LF:7
LH:7
BRDA:10,0,0,6
BRDA:10,0,1,2
BRF:2
BRH:2
end_of_record
TN:
SF:code/3/index.ts
FN:6,lengthOfLongestSubstring
FNF:1
FNH:1
FNDA:5,lengthOfLongestSubstring
DA:6,1
DA:8,5
DA:11,5
DA:14,5
DA:17,5
DA:19,30
DA:20,13
DA:24,30
DA:27,30
DA:30,5
LF:10
LH:10
BRDA:19,0,0,13
BRDA:19,1,0,30
BRDA:19,1,1,15
BRF:3
BRH:3
end_of_record
TN:
SF:code/350/index.ts
FN:9,intersect
FNF:1
FNH:1
FNDA:3,intersect
DA:9,1
DA:10,3
DA:12,3
DA:15,3
DA:16,1
DA:19,3
DA:20,13
DA:21,6
DA:23,7
DA:27,3
DA:28,7
DA:30,7
DA:31,6
DA:32,6
DA:36,3
DA:39,1
LF:16
LH:16
BRDA:15,0,0,1
BRDA:20,1,0,6
BRDA:20,1,1,7
BRDA:30,2,0,6
BRF:4
BRH:4
end_of_record
TN:
SF:code/394/index.ts
FN:7,decodeString
FNF:1
FNH:1
FNDA:4,decodeString
DA:7,1
DA:9,4
DA:10,4
DA:12,4
DA:15,4
DA:17,4
DA:19,41
DA:21,41
DA:22,7
DA:23,34
DA:24,7
DA:25,7
DA:27,7
DA:28,7
DA:29,27
DA:30,7
DA:31,7
DA:33,20
DA:37,4
LF:19
LH:19
BRDA:21,0,0,7
BRDA:21,0,1,34
BRDA:23,1,0,7
BRDA:23,1,1,27
BRDA:29,2,0,7
BRDA:29,2,1,20
BRF:6
BRH:6
end_of_record
TN:
SF:code/554/index.ts
FN:7,reverseWords
FN:13,(anonymous_1)
FN:22,reverseWordsSplitRegEx
FN:28,(anonymous_3)
FN:37,reverseWordsRegEx
FN:40,(anonymous_5)
FNF:6
FNH:4
FNDA:2,reverseWords
FNDA:6,(anonymous_1)
FNDA:0,reverseWordsSplitRegEx
FNDA:0,(anonymous_3)
FNDA:2,reverseWordsRegEx
FNDA:6,(anonymous_5)
DA:7,1
DA:8,2
DA:10,2
DA:12,2
DA:14,6
DA:18,2
DA:22,1
DA:23,0
DA:25,0
DA:27,0
DA:29,0
DA:33,0
DA:37,1
DA:38,2
DA:41,6
LF:15
LH:10
BRF:0
BRH:0
end_of_record
TN:
SF:code/66/index.ts
FN:6,plusOne
FNF:1
FNH:1
FNDA:5,plusOne
DA:6,1
DA:8,5
DA:11,6
DA:12,3
DA:13,3
DA:16,3
DA:21,2
DA:23,2
LF:8
LH:8
BRDA:11,0,0,3
BRDA:11,0,1,3
BRF:2
BRH:2
end_of_record
TN:
SF:code/768/index2.ts
FN:5,maxChunksToSorted
FN:8,(anonymous_1)
FNF:2
FNH:2
FNDA:2,maxChunksToSorted
FNDA:11,(anonymous_1)
DA:5,1
DA:6,2
DA:8,11
DA:10,2
DA:13,2
DA:16,2
DA:18,2
DA:19,10
DA:21,10
DA:23,10
DA:24,5
DA:29,2
LF:12
LH:12
BRDA:23,0,0,5
BRF:1
BRH:1
end_of_record
TN:
SF:code/821/index.ts
FN:12,shortestToChar
FNF:1
FNH:1
FNDA:3,shortestToChar
DA:12,1
DA:13,3
DA:16,3
DA:19,3
DA:20,20
DA:21,6
DA:25,20
DA:30,3
DA:31,20
DA:32,6
DA:35,20
DA:39,3
LF:12
LH:12
BRDA:20,0,0,6
BRDA:31,1,0,6
BRF:2
BRH:2
end_of_record
TN:
SF:code/88/index.ts
FN:9,merge
FN:12,(anonymous_1)
FNF:2
FNH:2
FNDA:1,merge
FNDA:9,(anonymous_1)
DA:9,1
DA:10,1
DA:12,9
LF:3
LH:3
BRF:0
BRH:0
end_of_record
